info: May-05-2022 15:31:54: 	Server started and running on http://localhost::8080
info: May-05-2022 15:33:27: 	Server started and running on http://localhost::8080
info: May-05-2022 15:34:34: 	Server started and running on http://localhost::8080
info: May-05-2022 15:36:02: 	Server started and running on http://localhost::8080
info: May-05-2022 15:36:04: 	Server started and running on http://localhost::8080
info: May-05-2022 15:36:32: 	Server started and running on http://localhost::8080
info: May-05-2022 15:36:33: 	Server started and running on http://localhost::8080
info: May-05-2022 15:36:35: 	Server started and running on http://localhost::8080
info: May-05-2022 15:36:39: 	Server started and running on http://localhost::8080
info: May-05-2022 15:36:40: 	Server started and running on http://localhost::8080
info: May-05-2022 15:36:41: 	Server started and running on http://localhost::8080
info: May-05-2022 15:36:43: 	Server started and running on http://localhost::8080
info: May-05-2022 15:36:44: 	Server started and running on http://localhost::8080
info: May-05-2022 15:36:46: 	Server started and running on http://localhost::8080
info: May-05-2022 15:36:48: 	Server started and running on http://localhost::8080
info: May-05-2022 15:36:50: 	Server started and running on http://localhost::8080
info: May-05-2022 15:36:56: 	Server started and running on http://localhost::8080
info: May-05-2022 15:36:58: 	Server started and running on http://localhost::8080
info: May-05-2022 15:37:00: 	Server started and running on http://localhost::8080
info: May-05-2022 15:37:03: 	Server started and running on http://localhost::8080
info: May-05-2022 15:37:04: 	Server started and running on http://localhost::8080
info: May-05-2022 15:37:45: 	Server started and running on http://localhost::8080
info: May-05-2022 15:38:53: 	Server started and running on http://localhost::8080
error: May-05-2022 15:42:12: 	500 - Internal Server Error - Unexpected field - /customer/register - POST - ::ffff:127.0.0.1
info: May-05-2022 15:47:01: 	Server started and running on http://localhost::8080
info: May-05-2022 15:47:05: 	Server started and running on http://localhost::8080
info: May-05-2022 15:47:09: 	Server started and running on http://localhost::8080
info: May-05-2022 15:47:13: 	Server started and running on http://localhost::8080
info: May-05-2022 15:47:56: 	Server started and running on http://localhost::8080
info: May-05-2022 15:47:58: 	Server started and running on http://localhost::8080
info: May-05-2022 15:47:59: 	Server started and running on http://localhost::8080
info: May-05-2022 15:48:07: 	Server started and running on http://localhost::8080
info: May-05-2022 15:48:41: 	Server started and running on http://localhost::8080
info: May-05-2022 15:48:43: 	Server started and running on http://localhost::8080
info: May-05-2022 15:48:47: 	Server started and running on http://localhost::8080
info: May-05-2022 15:48:48: 	Server started and running on http://localhost::8080
info: May-05-2022 15:48:49: 	Server started and running on http://localhost::8080
info: May-05-2022 15:49:16: 	Server started and running on http://localhost::8080
info: May-05-2022 15:53:57: 	Server started and running on http://localhost::8080
info: May-05-2022 15:54:01: 	Server started and running on http://localhost::8080
info: May-05-2022 15:54:04: 	Server started and running on http://localhost::8080
info: May-05-2022 15:54:06: 	Server started and running on http://localhost::8080
info: May-05-2022 15:54:08: 	Server started and running on http://localhost::8080
info: May-05-2022 15:54:23: 	Server started and running on http://localhost::8080
info: May-05-2022 15:54:54: 	Server started and running on http://localhost::8080
info: May-05-2022 15:55:05: 	Server started and running on http://localhost::8080
info: May-05-2022 15:55:09: 	Server started and running on http://localhost::8080
info: May-05-2022 15:55:28: 	Server started and running on http://localhost::8080
info: May-05-2022 15:55:54: 	Server started and running on http://localhost::8080
error: May-05-2022 15:55:57: 	500 - Internal Server Error - ENOENT: no such file or directory, open 'C:\Users\HP\Desktop\ss-client-backend\public\images\05\05\2022-fb_img_1582786094774.jpg.jpeg' - /customer/register - POST - ::ffff:127.0.0.1
error: May-05-2022 15:56:12: 	500 - Internal Server Error - ENOENT: no such file or directory, open 'C:\Users\HP\Desktop\ss-client-backend\public\images\05\05\2022-4.png.png' - /customer/register - POST - ::ffff:127.0.0.1
info: May-05-2022 15:56:24: 	Server started and running on http://localhost::8080
info: May-05-2022 15:56:27: 	Server started and running on http://localhost::8080
info: May-05-2022 15:56:29: 	Server started and running on http://localhost::8080
info: May-05-2022 15:56:32: 	Server started and running on http://localhost::8080
error: May-05-2022 15:56:35: 	500 - Internal Server Error - ENOENT: no such file or directory, open 'C:\Users\HP\Desktop\ss-client-backend\public\images\05\05\2022-4.png.png' - /customer/register - POST - ::ffff:127.0.0.1
error: May-05-2022 15:56:46: 	500 - Internal Server Error - ENOENT: no such file or directory, open 'C:\Users\HP\Desktop\ss-client-backend\public\images\05\05\2022-3.png.png' - /customer/register - POST - ::ffff:127.0.0.1
info: May-05-2022 15:56:56: 	Server started and running on http://localhost::8080
info: May-05-2022 15:57:08: 	Server started and running on http://localhost::8080
info: May-05-2022 15:57:11: 	Server started and running on http://localhost::8080
error: May-05-2022 15:57:13: 	500 - Internal Server Error - ENOENT: no such file or directory, open 'C:\Users\HP\Desktop\ss-client-backend\public\images\5\5\2022-3.png.png' - /customer/register - POST - ::ffff:127.0.0.1
info: May-05-2022 15:57:30: 	Server started and running on http://localhost::8080
error: May-05-2022 15:59:02: 	500 - Internal Server Error - ENOENT: no such file or directory, open 'C:\Users\HP\Desktop\ss-client-backend\public\images\5\5\2022-3.png.png' - /customer/register - POST - ::ffff:127.0.0.1
info: May-05-2022 15:59:56: 	Server started and running on http://localhost::8080
info: May-05-2022 15:59:58: 	Server started and running on http://localhost::8080
info: May-05-2022 16:00:02: 	Server started and running on http://localhost::8080
info: May-05-2022 16:00:10: 	Server started and running on http://localhost::8080
error: May-05-2022 16:00:13: 	500 - Internal Server Error - ENOENT: no such file or directory, open 'C:\Users\HP\Desktop\ss-client-backend\public\images\5\5\2022-3.png.png' - /customer/register - POST - ::ffff:127.0.0.1
info: May-05-2022 16:00:29: 	Server started and running on http://localhost::8080
info: May-05-2022 16:00:30: 	Server started and running on http://localhost::8080
info: May-05-2022 16:00:31: 	Server started and running on http://localhost::8080
info: May-05-2022 16:00:35: 	Server started and running on http://localhost::8080
info: May-05-2022 16:01:07: 	Server started and running on http://localhost::8080
info: May-05-2022 16:01:17: 	Server started and running on http://localhost::8080
info: May-05-2022 16:01:24: 	Server started and running on http://localhost::8080
info: May-05-2022 16:01:26: 	Server started and running on http://localhost::8080
info: May-05-2022 16:01:27: 	Server started and running on http://localhost::8080
info: May-05-2022 16:01:30: 	Server started and running on http://localhost::8080
info: May-05-2022 16:01:36: 	Server started and running on http://localhost::8080
info: May-05-2022 16:01:42: 	Server started and running on http://localhost::8080
info: May-05-2022 16:02:03: 	Server started and running on http://localhost::8080
info: May-05-2022 16:02:25: 	Server started and running on http://localhost::8080
info: May-05-2022 16:02:29: 	Server started and running on http://localhost::8080
error: May-05-2022 16:02:35: 	500 - Internal Server Error - ENOENT: no such file or directory, open 'C:\Users\HP\Desktop\ss-client-backend\public\images\5\5\2022-fb_img_1582786094774.jpg.jpeg' - /customer/register - POST - ::ffff:127.0.0.1
info: May-05-2022 16:02:43: 	Server started and running on http://localhost::8080
info: May-05-2022 16:02:45: 	Server started and running on http://localhost::8080
info: May-05-2022 16:03:06: 	Server started and running on http://localhost::8080
info: May-05-2022 16:03:07: 	Server started and running on http://localhost::8080
info: May-05-2022 16:03:12: 	Server started and running on http://localhost::8080
info: May-05-2022 16:03:24: 	Server started and running on http://localhost::8080
info: May-05-2022 16:03:26: 	Server started and running on http://localhost::8080
info: May-05-2022 16:04:14: 	Server started and running on http://localhost::8080
info: May-05-2022 16:07:28: 	Server started and running on http://localhost::8080
info: May-05-2022 16:08:22: 	Server started and running on http://localhost::8080
info: May-05-2022 16:08:41: 	Server started and running on http://localhost::8080
info: May-05-2022 16:08:58: 	Server started and running on http://localhost::8080
info: May-05-2022 16:09:52: 	Server started and running on http://localhost::8080
info: May-05-2022 16:09:53: 	Server started and running on http://localhost::8080
info: May-05-2022 16:09:54: 	Server started and running on http://localhost::8080
info: May-05-2022 16:10:01: 	Server started and running on http://localhost::8080
error: May-05-2022 16:10:07: 	500 - Internal Server Error - ENOENT: no such file or directory, open 'C:\Users\HP\Desktop\ss-client-backend\public\images\Thu, 05 May 2022 09:10:07 GMT-3.png.png' - /customer/register - POST - ::ffff:127.0.0.1
info: May-05-2022 16:11:23: 	Server started and running on http://localhost::8080
info: May-05-2022 16:11:26: 	Server started and running on http://localhost::8080
info: May-05-2022 16:11:30: 	Server started and running on http://localhost::8080
info: May-05-2022 16:11:36: 	Server started and running on http://localhost::8080
error: May-05-2022 16:11:39: 	500 - Internal Server Error - ENOENT: no such file or directory, open 'C:\Users\HP\Desktop\ss-client-backend\public\images\2022-05-05T09:11:39.563Z-3.png.png' - /customer/register - POST - ::ffff:127.0.0.1
info: May-05-2022 16:12:20: 	Server started and running on http://localhost::8080
info: May-05-2022 16:12:26: 	Server started and running on http://localhost::8080
info: May-05-2022 16:12:30: 	Server started and running on http://localhost::8080
info: May-05-2022 16:12:33: 	Server started and running on http://localhost::8080
info: May-05-2022 16:12:45: 	Server started and running on http://localhost::8080
info: May-05-2022 16:13:09: 	Server started and running on http://localhost::8080
info: May-05-2022 16:13:11: 	Server started and running on http://localhost::8080
info: May-05-2022 16:17:47: 	Server started and running on http://localhost::8080
info: May-05-2022 16:18:04: 	Server started and running on http://localhost::8080
info: May-05-2022 16:18:06: 	Server started and running on http://localhost::8080
info: May-05-2022 16:18:07: 	Server started and running on http://localhost::8080
info: May-05-2022 16:18:08: 	Server started and running on http://localhost::8080
info: May-05-2022 16:18:20: 	Server started and running on http://localhost::8080
info: May-05-2022 16:18:31: 	Server started and running on http://localhost::8080
info: May-05-2022 16:18:35: 	Server started and running on http://localhost::8080
info: May-05-2022 16:18:38: 	Server started and running on http://localhost::8080
info: May-05-2022 16:18:40: 	Server started and running on http://localhost::8080
info: May-05-2022 16:18:41: 	Server started and running on http://localhost::8080
info: May-05-2022 16:18:42: 	Server started and running on http://localhost::8080
info: May-05-2022 16:18:43: 	Server started and running on http://localhost::8080
info: May-05-2022 16:18:49: 	Server started and running on http://localhost::8080
info: May-05-2022 16:18:51: 	Server started and running on http://localhost::8080
info: May-05-2022 16:18:52: 	Server started and running on http://localhost::8080
info: May-05-2022 16:18:53: 	Server started and running on http://localhost::8080
info: May-05-2022 16:18:56: 	Server started and running on http://localhost::8080
info: May-05-2022 16:19:08: 	Server started and running on http://localhost::8080
info: May-05-2022 16:19:13: 	Server started and running on http://localhost::8080
info: May-05-2022 16:19:16: 	Server started and running on http://localhost::8080
info: May-05-2022 16:19:20: 	Server started and running on http://localhost::8080
info: May-05-2022 16:19:22: 	Server started and running on http://localhost::8080
info: May-05-2022 16:19:23: 	Server started and running on http://localhost::8080
info: May-05-2022 16:19:24: 	Server started and running on http://localhost::8080
info: May-05-2022 16:19:25: 	Server started and running on http://localhost::8080
info: May-05-2022 16:19:28: 	Server started and running on http://localhost::8080
info: May-05-2022 16:19:37: 	Server started and running on http://localhost::8080
info: May-05-2022 16:19:39: 	Server started and running on http://localhost::8080
info: May-05-2022 16:19:43: 	Server started and running on http://localhost::8080
info: May-05-2022 16:19:52: 	Server started and running on http://localhost::8080
info: May-05-2022 16:19:53: 	Server started and running on http://localhost::8080
info: May-05-2022 16:19:56: 	Server started and running on http://localhost::8080
info: May-05-2022 16:19:58: 	Server started and running on http://localhost::8080
info: May-05-2022 16:21:05: 	Server started and running on http://localhost::8080
info: May-05-2022 16:21:07: 	Server started and running on http://localhost::8080
info: May-05-2022 16:21:08: 	Server started and running on http://localhost::8080
info: May-05-2022 16:21:09: 	Server started and running on http://localhost::8080
info: May-05-2022 16:21:21: 	Server started and running on http://localhost::8080
info: May-05-2022 16:21:25: 	Server started and running on http://localhost::8080
info: May-05-2022 16:32:55: 	Server started and running on http://localhost::8080
info: May-06-2022 12:49:26: 	Server started and running on http://localhost::8080
info: May-06-2022 12:49:37: 	Server started and running on http://localhost::8080
info: May-06-2022 12:49:53: 	Server started and running on http://localhost::8080
info: May-06-2022 12:50:44: 	Server started and running on http://localhost::8005
info: May-06-2022 12:50:51: 	Server started and running on http://localhost::8005
info: May-06-2022 12:50:55: 	Server started and running on http://localhost::8005
error: May-06-2022 12:57:06: 	404 || Not Found - /customer/register - GET - ::1
error: May-06-2022 12:57:06: 	404 || Not Found - /favicon.ico - GET - ::1
error: May-06-2022 12:57:17: 	404 || Not Found - /customer/register - GET - ::1
info: May-06-2022 13:00:04: 	Server started and running on http://localhost::8005
info: May-06-2022 13:00:06: 	Server started and running on 8005
info: May-06-2022 13:00:13: 	Server started and running on 8005
info: May-06-2022 13:00:14: 	Server started and running on 8005
info: May-06-2022 13:00:18: 	Server started and running on 0.0.0.08005
info: May-06-2022 13:00:20: 	Server started and running on 0.0.0.0:8005
info: May-06-2022 13:01:54: 	Server started and running on 0.0.0.0:8005
info: May-06-2022 13:01:59: 	Server started and running on 8005
info: May-06-2022 13:03:26: 	Server started and running on 8005
info: May-06-2022 13:03:31: 	Server started and running on 8005
info: May-06-2022 13:03:46: 	Server started and running on 8005
info: May-06-2022 13:03:49: 	Server started and running on 8005
info: May-06-2022 13:03:56: 	Server started and running on 8005
info: May-06-2022 13:06:03: 	Server started and running on 8005
info: May-06-2022 13:12:10: 	Server started and running on 8005
info: May-06-2022 13:12:14: 	Server started and running on 8005
info: May-06-2022 13:12:24: 	Server started and running on 8005
info: May-06-2022 13:13:41: 	Server started and running on 8005
info: May-06-2022 13:13:46: 	Server started and running on 8005
info: May-06-2022 13:13:54: 	Server started and running on 8005
info: May-06-2022 13:14:02: 	Server started and running on 8005
info: May-06-2022 13:14:05: 	Server started and running on 8005
error: May-06-2022 13:14:28: 	500 - Internal Server Error - Cannot read properties of null (reading 'password') - /customer/login - POST - ::ffff:127.0.0.1
info: May-06-2022 13:15:08: 	Server started and running on 8005
info: May-06-2022 13:16:01: 	Server started and running on 8005
info: May-06-2022 13:18:12: 	Server started and running on 8005
info: May-06-2022 13:18:14: 	Server started and running on 8005
info: May-06-2022 13:18:25: 	Server started and running on 8005
info: May-06-2022 13:18:39: 	Server started and running on 8005
info: May-06-2022 13:18:46: 	Server started and running on 8005
info: May-06-2022 13:18:52: 	Server started and running on 8005
info: May-06-2022 13:18:53: 	Server started and running on 8005
info: May-06-2022 13:18:56: 	Server started and running on 8005
info: May-06-2022 13:18:56: 	Server started and running on 8005
info: May-06-2022 13:19:00: 	Server started and running on 8005
info: May-06-2022 13:19:01: 	Server started and running on 8005
info: May-06-2022 13:19:02: 	Server started and running on 8005
info: May-06-2022 13:19:03: 	Server started and running on 8005
info: May-06-2022 13:19:06: 	Server started and running on 8005
info: May-06-2022 13:19:08: 	Server started and running on 8005
info: May-06-2022 13:19:11: 	Server started and running on 8005
info: May-06-2022 13:19:50: 	Server started and running on 8005
info: May-06-2022 13:19:50: 	Server started and running on 8005
info: May-06-2022 13:19:52: 	Server started and running on 8005
info: May-06-2022 13:19:55: 	Server started and running on 8005
info: May-06-2022 13:20:53: 	Server started and running on 8005
info: May-06-2022 13:20:54: 	Server started and running on 8005
info: May-06-2022 13:20:57: 	Server started and running on 8005
info: May-06-2022 13:21:03: 	Server started and running on 8005
info: May-06-2022 13:21:05: 	Server started and running on 8005
info: May-06-2022 13:21:06: 	Server started and running on 8005
info: May-06-2022 13:21:08: 	Server started and running on 8005
info: May-06-2022 13:21:09: 	Server started and running on 8005
info: May-06-2022 13:21:11: 	Server started and running on 8005
info: May-06-2022 13:21:12: 	Server started and running on 8005
info: May-06-2022 13:21:14: 	Server started and running on 8005
info: May-06-2022 13:21:19: 	Server started and running on 8005
info: May-06-2022 13:21:26: 	Server started and running on 8005
info: May-06-2022 13:21:27: 	Server started and running on 8005
info: May-06-2022 13:21:28: 	Server started and running on 8005
info: May-06-2022 13:21:37: 	Server started and running on 8005
info: May-06-2022 13:21:39: 	Server started and running on 8005
info: May-06-2022 13:21:41: 	Server started and running on 8005
info: May-06-2022 13:21:46: 	Server started and running on 8005
info: May-06-2022 13:21:47: 	Server started and running on 8005
info: May-06-2022 13:21:50: 	Server started and running on 8005
info: May-06-2022 13:21:53: 	Server started and running on 8005
info: May-06-2022 13:21:54: 	Server started and running on 8005
info: May-06-2022 13:22:03: 	Server started and running on 8005
info: May-06-2022 13:22:06: 	Server started and running on 8005
info: May-06-2022 13:22:07: 	Server started and running on 8005
info: May-06-2022 13:22:08: 	Server started and running on 8005
info: May-06-2022 13:22:09: 	Server started and running on 8005
info: May-06-2022 13:23:16: 	Server started and running on 8005
info: May-06-2022 13:23:37: 	Server started and running on 8005
info: May-06-2022 13:23:40: 	Server started and running on 8005
info: May-06-2022 13:23:41: 	Server started and running on 8005
info: May-06-2022 13:23:44: 	Server started and running on 8005
info: May-06-2022 13:24:33: 	Server started and running on 8005
info: May-06-2022 13:24:35: 	Server started and running on 8005
info: May-06-2022 13:24:37: 	Server started and running on 8005
info: May-06-2022 13:24:39: 	Server started and running on 8005
info: May-06-2022 13:24:40: 	Server started and running on 8005
info: May-06-2022 13:24:43: 	Server started and running on 8005
info: May-06-2022 13:24:45: 	Server started and running on 8005
info: May-06-2022 13:24:47: 	Server started and running on 8005
info: May-06-2022 13:24:48: 	Server started and running on 8005
info: May-06-2022 13:24:50: 	Server started and running on 8005
info: May-06-2022 13:24:51: 	Server started and running on 8005
info: May-06-2022 13:24:56: 	Server started and running on 8005
info: May-06-2022 13:24:57: 	Server started and running on 8005
info: May-06-2022 13:24:59: 	Server started and running on 8005
info: May-06-2022 13:25:03: 	Server started and running on 8005
info: May-06-2022 13:25:06: 	Server started and running on 8005
info: May-06-2022 13:25:12: 	Server started and running on 8005
info: May-06-2022 13:25:15: 	Server started and running on 8005
info: May-06-2022 13:31:53: 	Server started and running on 8005
info: May-06-2022 13:32:23: 	Server started and running on 8005
info: May-06-2022 13:44:33: 	Server started and running on 8005
info: May-06-2022 13:44:36: 	Server started and running on 8005
info: May-06-2022 13:45:07: 	Server started and running on 8005
info: May-06-2022 13:45:18: 	Server started and running on 8005
info: May-06-2022 13:46:00: 	Server started and running on 8005
info: May-06-2022 13:46:10: 	Server started and running on 8005
info: May-06-2022 13:50:04: 	Server started and running on 8005
info: May-06-2022 13:50:15: 	Server started and running on 8005
info: May-06-2022 13:50:18: 	Server started and running on 8005
info: May-06-2022 13:50:20: 	Server started and running on 8005
info: May-06-2022 13:50:22: 	Server started and running on 8005
info: May-06-2022 13:51:53: 	Server started and running on 8005
info: May-06-2022 13:52:00: 	Server started and running on 8005
info: May-06-2022 15:57:27: 	Server started and running on 8005
info: May-06-2022 15:57:41: 	Server started and running on 8005
info: May-06-2022 15:57:43: 	Server started and running on 8005
info: May-06-2022 15:57:48: 	Server started and running on 8005
info: May-06-2022 15:57:50: 	Server started and running on 8005
info: May-06-2022 15:59:50: 	Server started and running on 8005
info: May-06-2022 15:59:58: 	Server started and running on 8005
info: May-06-2022 16:00:03: 	Server started and running on 8005
info: May-06-2022 16:00:05: 	Server started and running on 8005
info: May-06-2022 16:00:17: 	Server started and running on 8005
info: May-06-2022 16:00:19: 	Server started and running on 8005
info: May-06-2022 16:00:22: 	Server started and running on 8005
info: May-06-2022 16:00:24: 	Server started and running on 8005
info: May-06-2022 16:00:28: 	Server started and running on 8005
error: May-06-2022 16:03:21: 	404 || Not Found - /customer/update/1 - POST - ::ffff:127.0.0.1
error: May-06-2022 16:04:10: 	404 || Not Found - /customer/update/1 - POST - ::ffff:127.0.0.1
info: May-06-2022 16:04:34: 	Server started and running on 8005
info: May-06-2022 16:05:06: 	Server started and running on 8005
error: May-06-2022 16:05:17: 	404 || Not Found - /customer/update/1 - POST - ::ffff:127.0.0.1
info: May-06-2022 16:05:30: 	Server started and running on 8005
info: May-06-2022 16:05:34: 	Server started and running on 8005
info: May-06-2022 16:05:50: 	Server started and running on 8005
error: May-06-2022 16:05:55: 	404 || Not Found - /customer/update/1 - POST - ::ffff:127.0.0.1
info: May-06-2022 16:06:26: 	Server started and running on 8005
info: May-06-2022 16:06:37: 	Server started and running on 8005
info: May-06-2022 16:06:44: 	Server started and running on 8005
info: May-06-2022 16:06:46: 	Server started and running on 8005
info: May-06-2022 16:07:08: 	Server started and running on 8005
info: May-06-2022 16:08:19: 	Server started and running on 8005
info: May-06-2022 16:08:24: 	Server started and running on 8005
info: May-06-2022 16:08:26: 	Server started and running on 8005
info: May-06-2022 16:08:28: 	Server started and running on 8005
info: May-06-2022 16:08:39: 	Server started and running on 8005
info: May-06-2022 16:08:41: 	Server started and running on 8005
info: May-06-2022 16:08:47: 	Server started and running on 8005
info: May-07-2022 14:13:22: 	Server started and running on 8005
error: May-07-2022 14:15:30: 	404 || Not Found - /favicon.ico - GET - ::1
error: May-07-2022 14:17:40: 	404 || Not Found - /customer/profiles - GET - ::1
error: May-07-2022 14:17:44: 	404 || Not Found - /customer/profile - GET - ::1
info: May-08-2022 00:43:00: 	Server started and running on 8005
info: May-08-2022 00:47:43: 	Server started and running on 8005
info: May-08-2022 00:47:45: 	Server started and running on 8005
info: May-08-2022 00:47:47: 	Server started and running on 8005
info: May-08-2022 00:47:50: 	Server started and running on 8005
info: May-08-2022 00:48:12: 	Server started and running on 8005
info: May-08-2022 00:48:13: 	Server started and running on 8005
info: May-10-2022 09:05:36: 	Server started and running on 8005
error: May-10-2022 09:10:53: 	404 || Not Found - /favicon.ico - GET - ::1
info: May-12-2022 13:29:21: 	Server started and running on 8005
error: May-12-2022 13:30:50: 	500 - Internal Server Error - Cannot read properties of undefined (reading 'filename') - /customer/register - POST - ::1
info: May-12-2022 13:34:35: 	Server started and running on 8005
error: May-12-2022 13:34:42: 	500 - Internal Server Error - Cannot read properties of undefined (reading 'filename') - /customer/register - POST - ::1
info: May-12-2022 13:34:54: 	Server started and running on 8005
info: May-12-2022 13:35:55: 	Server started and running on 8005
info: May-12-2022 13:36:00: 	Server started and running on 8005
info: May-12-2022 13:36:03: 	Server started and running on 8005
info: May-12-2022 13:36:03: 	Server started and running on 8005
info: May-12-2022 13:36:09: 	Server started and running on 8005
info: May-12-2022 13:36:10: 	Server started and running on 8005
error: May-12-2022 13:36:16: 	500 - Internal Server Error - Cannot read properties of undefined (reading 'filename') - /customer/register - POST - ::1
info: May-12-2022 13:36:28: 	Server started and running on 8005
info: May-12-2022 13:36:54: 	Server started and running on 8005
info: May-12-2022 13:36:55: 	Server started and running on 8005
info: May-12-2022 13:37:55: 	Server started and running on 8005
info: May-12-2022 13:38:04: 	Server started and running on 8005
info: May-12-2022 13:38:05: 	Server started and running on 8005
info: May-12-2022 13:38:11: 	Server started and running on 8005
error: May-12-2022 13:38:15: 	500 - Internal Server Error - Cannot read properties of undefined (reading 'filename') - /customer/register - POST - ::1
info: May-12-2022 13:38:40: 	Server started and running on 8005
info: May-12-2022 13:38:44: 	Server started and running on 8005
info: May-12-2022 13:40:41: 	Server started and running on 8005
error: May-12-2022 13:40:45: 	500 - Internal Server Error - Cannot read properties of undefined (reading 'filename') - /customer/register - POST - ::1
error: May-12-2022 13:56:00: 	500 - Internal Server Error - Cannot read properties of undefined (reading 'filename') - /customer/register - POST - ::1
info: May-12-2022 14:18:37: 	Server started and running on 8005
error: May-12-2022 14:18:44: 	500 - Internal Server Error - Cannot read properties of undefined (reading 'filename') - /customer/register - POST - ::1
error: May-12-2022 14:18:53: 	500 - Internal Server Error - Cannot read properties of undefined (reading 'filename') - /customer/register - POST - ::1
error: May-12-2022 14:19:28: 	500 - Internal Server Error - Cannot read properties of undefined (reading 'filename') - /customer/register - POST - ::1
error: May-12-2022 14:19:31: 	500 - Internal Server Error - Cannot read properties of undefined (reading 'filename') - /customer/register - POST - ::1
error: May-12-2022 14:19:35: 	500 - Internal Server Error - Cannot read properties of undefined (reading 'filename') - /customer/register - POST - ::1
info: May-12-2022 14:22:58: 	Server started and running on 8005
info: May-12-2022 18:27:06: 	Server started and running on 8005
info: May-12-2022 18:27:20: 	Server started and running on 8005
info: May-12-2022 18:27:52: 	Server started and running on 8005
error: May-12-2022 18:32:32: 	500 - Internal Server Error - Cannot read properties of undefined (reading 'filename') - /customer/register - POST - ::1
info: May-12-2022 18:34:01: 	Server started and running on 8005
error: May-12-2022 18:34:06: 	500 - Internal Server Error - Cannot read properties of undefined (reading 'filename') - /customer/register - POST - ::1
info: May-12-2022 18:34:19: 	Server started and running on 8005
info: May-12-2022 18:34:22: 	Server started and running on 8005
info: May-12-2022 18:34:38: 	Server started and running on 8005
info: May-12-2022 18:34:40: 	Server started and running on 8005
info: May-12-2022 18:34:41: 	Server started and running on 8005
error: May-12-2022 18:34:44: 	500 - Internal Server Error - Cannot read properties of undefined (reading 'filename') - /customer/register - POST - ::1
info: May-12-2022 18:35:24: 	Server started and running on 8005
info: May-12-2022 18:35:28: 	Server started and running on 8005
info: May-12-2022 18:35:30: 	Server started and running on 8005
info: May-12-2022 18:35:34: 	Server started and running on 8005
info: May-12-2022 18:35:54: 	Server started and running on 8005
error: May-12-2022 18:35:57: 	500 - Internal Server Error - Cannot read properties of undefined (reading 'filename') - /customer/register - POST - ::1
info: May-12-2022 18:38:17: 	Server started and running on 8005
info: May-12-2022 18:38:20: 	Server started and running on 8005
error: May-12-2022 18:39:04: 	500 - Internal Server Error - Cannot read properties of undefined (reading 'filename') - /customer/register - POST - ::1
info: May-12-2022 18:39:31: 	Server started and running on 8005
info: May-12-2022 18:39:32: 	Server started and running on 8005
info: May-12-2022 18:39:35: 	Server started and running on 8005
error: May-12-2022 18:39:38: 	500 - Internal Server Error - Cannot read properties of undefined (reading 'filename') - /customer/register - POST - ::1
info: May-12-2022 18:39:50: 	Server started and running on 8005
info: May-12-2022 18:50:16: 	Server started and running on 8005
info: May-12-2022 18:50:21: 	Server started and running on 8005
info: May-12-2022 18:50:24: 	Server started and running on 8005
info: May-12-2022 18:50:26: 	Server started and running on 8005
info: May-12-2022 18:50:27: 	Server started and running on 8005
info: May-12-2022 18:50:31: 	Server started and running on 8005
error: May-12-2022 18:50:38: 	500 - Internal Server Error - Cannot read properties of undefined (reading 'filename') - /customer/register - POST - ::1
info: May-12-2022 18:51:03: 	Server started and running on 8005
info: May-12-2022 18:51:07: 	Server started and running on 8005
info: May-12-2022 18:51:10: 	Server started and running on 8005
error: May-12-2022 18:51:20: 	500 - Internal Server Error - Cannot read properties of undefined (reading 'filename') - /customer/register - POST - ::1
info: May-12-2022 18:53:10: 	Server started and running on 8005
info: May-12-2022 18:53:14: 	Server started and running on 8005
info: May-12-2022 18:53:15: 	Server started and running on 8005
info: May-12-2022 18:53:21: 	Server started and running on 8005
info: May-12-2022 18:53:23: 	Server started and running on 8005
info: May-12-2022 18:53:29: 	Server started and running on 8005
info: May-12-2022 18:53:35: 	Server started and running on 8005
info: May-12-2022 18:53:37: 	Server started and running on 8005
info: May-12-2022 18:53:46: 	Server started and running on 8005
error: May-12-2022 18:53:50: 	500 - Internal Server Error - Cannot read properties of undefined (reading 'filename') - /customer/register - POST - ::1
info: May-12-2022 18:54:34: 	Server started and running on 8005
info: May-12-2022 18:54:35: 	Server started and running on 8005
info: May-12-2022 18:54:39: 	Server started and running on 8005
error: May-12-2022 18:54:51: 	500 - Internal Server Error - Cannot read properties of undefined (reading 'filename') - /customer/register - POST - ::1
info: May-12-2022 18:55:24: 	Server started and running on 8005
info: May-12-2022 18:56:39: 	Server started and running on 8005
info: May-12-2022 18:56:45: 	Server started and running on 8005
info: May-12-2022 18:56:49: 	Server started and running on 8005
info: May-12-2022 18:56:50: 	Server started and running on 8005
info: May-12-2022 18:56:52: 	Server started and running on 8005
info: May-12-2022 18:56:54: 	Server started and running on 8005
info: May-12-2022 18:57:03: 	Server started and running on 8005
info: May-12-2022 18:57:07: 	Server started and running on 8005
info: May-12-2022 18:57:10: 	Server started and running on 8005
info: May-12-2022 18:57:11: 	Server started and running on 8005
error: May-12-2022 18:57:34: 	500 - Internal Server Error - Cannot read properties of undefined (reading 'filename') - /customer/register - POST - ::1
info: May-12-2022 18:59:49: 	Server started and running on 8005
info: May-12-2022 19:00:48: 	Server started and running on 8005
info: May-12-2022 19:01:02: 	Server started and running on 8005
error: May-12-2022 19:01:17: 	500 - Internal Server Error - Cannot read properties of undefined (reading 'filename') - /customer/register - POST - ::1
error: May-12-2022 19:01:24: 	500 - Internal Server Error - Cannot read properties of undefined (reading 'filename') - /customer/register - POST - ::1
info: May-12-2022 19:09:40: 	Server started and running on 8005
info: May-12-2022 19:09:44: 	Server started and running on 8005
info: May-12-2022 19:09:49: 	Server started and running on 8005
info: May-12-2022 19:09:50: 	Server started and running on 8005
info: May-12-2022 19:10:39: 	Server started and running on 8005
info: May-12-2022 19:10:40: 	Server started and running on 8005
error: May-12-2022 19:10:49: 	500 - Internal Server Error - Cannot read properties of undefined (reading 'filename') - /customer/register - POST - ::1
info: May-12-2022 19:11:54: 	Server started and running on 8005
info: May-12-2022 19:11:58: 	Server started and running on 8005
info: May-12-2022 19:12:01: 	Server started and running on 8005
info: May-12-2022 19:12:07: 	Server started and running on 8005
info: May-12-2022 19:12:15: 	Server started and running on 8005
info: May-12-2022 19:12:17: 	Server started and running on 8005
info: May-12-2022 19:15:53: 	Server started and running on 8005
info: May-12-2022 19:15:58: 	Server started and running on 8005
info: May-12-2022 19:16:00: 	Server started and running on 8005
error: May-12-2022 19:16:14: 	500 - Internal Server Error - Cannot read properties of undefined (reading 'filename') - /customer/register - POST - ::1
info: May-12-2022 19:20:42: 	Server started and running on 8005
info: May-12-2022 19:20:54: 	Server started and running on 8005
info: May-12-2022 19:21:08: 	Server started and running on 8005
info: May-12-2022 19:21:09: 	Server started and running on 8005
info: May-12-2022 19:21:37: 	Server started and running on 8005
info: May-12-2022 19:21:39: 	Server started and running on 8005
info: May-12-2022 19:21:54: 	Server started and running on 8005
info: May-12-2022 19:22:06: 	Server started and running on 8005
info: May-12-2022 19:22:13: 	Server started and running on 8005
info: May-12-2022 19:22:14: 	Server started and running on 8005
info: May-12-2022 19:22:16: 	Server started and running on 8005
info: May-12-2022 19:22:20: 	Server started and running on 8005
info: May-12-2022 19:22:21: 	Server started and running on 8005
info: May-12-2022 19:22:22: 	Server started and running on 8005
info: May-12-2022 19:22:24: 	Server started and running on 8005
info: May-12-2022 19:22:26: 	Server started and running on 8005
info: May-12-2022 19:22:29: 	Server started and running on 8005
error: May-12-2022 19:22:35: 	500 - Internal Server Error - image is not defined - /customer/register - POST - ::1
info: May-12-2022 19:22:59: 	Server started and running on 8005
info: May-12-2022 19:23:17: 	Server started and running on 8005
info: May-12-2022 19:23:17: 	Server started and running on 8005
info: May-12-2022 19:23:24: 	Server started and running on 8005
info: May-12-2022 19:23:25: 	Server started and running on 8005
info: May-12-2022 19:23:30: 	Server started and running on 8005
info: May-12-2022 19:23:32: 	Server started and running on 8005
info: May-12-2022 19:23:38: 	Server started and running on 8005
info: May-12-2022 19:23:40: 	Server started and running on 8005
info: May-12-2022 19:23:44: 	Server started and running on 8005
info: May-12-2022 19:23:47: 	Server started and running on 8005
info: May-12-2022 19:23:48: 	Server started and running on 8005
info: May-12-2022 19:23:53: 	Server started and running on 8005
error: May-12-2022 19:23:56: 	500 - Internal Server Error - Cannot destructure property 'image' of 'req.file' as it is undefined. - /customer/register - POST - ::1
info: May-12-2022 19:24:07: 	Server started and running on 8005
info: May-12-2022 19:24:12: 	Server started and running on 8005
info: May-12-2022 19:24:13: 	Server started and running on 8005
info: May-12-2022 19:24:21: 	Server started and running on 8005
info: May-12-2022 19:24:21: 	Server started and running on 8005
info: May-12-2022 19:24:24: 	Server started and running on 8005
error: May-12-2022 19:24:29: 	500 - Internal Server Error - Cannot read properties of undefined (reading 'originalname') - /customer/register - POST - ::1
info: May-12-2022 19:24:44: 	Server started and running on 8005
error: May-12-2022 19:24:46: 	500 - Internal Server Error - Assignment to constant variable. - /customer/register - POST - ::1
info: May-12-2022 19:25:04: 	Server started and running on 8005
info: May-12-2022 19:25:05: 	Server started and running on 8005
error: May-12-2022 19:25:12: 	500 - Internal Server Error - Assignment to constant variable. - /customer/register - POST - ::1
info: May-12-2022 19:25:22: 	Server started and running on 8005
info: May-12-2022 19:25:27: 	Server started and running on 8005
info: May-12-2022 19:25:29: 	Server started and running on 8005
info: May-12-2022 19:25:30: 	Server started and running on 8005
error: May-12-2022 19:25:38: 	500 - Internal Server Error - Cannot destructure property 'image' of 'req.file' as it is undefined. - /customer/register - POST - ::1
info: May-12-2022 19:36:51: 	Server started and running on 8005
error: May-12-2022 19:40:41: 	404 || Not Found - /favicon.ico - GET - ::1
info: May-12-2022 19:51:18: 	Server started and running on 8005
info: May-12-2022 19:51:21: 	Server started and running on 8005
info: May-12-2022 19:51:24: 	Server started and running on 8005
info: May-12-2022 19:51:26: 	Server started and running on 8005
info: May-12-2022 19:51:28: 	Server started and running on 8005
info: May-12-2022 19:51:31: 	Server started and running on 8005
info: May-12-2022 19:51:32: 	Server started and running on 8005
info: May-12-2022 19:51:44: 	Server started and running on 8005
info: May-12-2022 19:51:45: 	Server started and running on 8005
info: May-12-2022 19:51:49: 	Server started and running on 8005
info: May-12-2022 20:13:23: 	Server started and running on 8005
info: May-12-2022 20:13:24: 	Server started and running on 8005
info: May-12-2022 20:13:25: 	Server started and running on 8005
info: May-12-2022 20:13:27: 	Server started and running on 8005
info: May-12-2022 20:13:35: 	Server started and running on 8005
info: May-12-2022 20:13:36: 	Server started and running on 8005
info: May-12-2022 20:13:39: 	Server started and running on 8005
info: May-12-2022 20:13:42: 	Server started and running on 8005
info: May-12-2022 20:13:43: 	Server started and running on 8005
info: May-12-2022 20:23:03: 	Server started and running on 8005
info: May-12-2022 20:23:10: 	Server started and running on 8005
info: May-12-2022 20:35:58: 	Server started and running on 8005
info: May-12-2022 20:36:00: 	Server started and running on 8005
info: May-12-2022 20:36:03: 	Server started and running on 8005
info: May-12-2022 20:41:06: 	Server started and running on 8005
info: May-12-2022 20:41:10: 	Server started and running on 8005
info: May-12-2022 20:44:50: 	Server started and running on 8005
info: May-12-2022 20:44:55: 	Server started and running on 8005
info: May-12-2022 20:44:56: 	Server started and running on 8005
info: May-12-2022 20:45:11: 	Server started and running on 8005
info: May-12-2022 20:45:15: 	Server started and running on 8005
info: May-12-2022 20:45:17: 	Server started and running on 8005
info: May-12-2022 20:45:20: 	Server started and running on 8005
info: May-12-2022 20:45:22: 	Server started and running on 8005
info: May-12-2022 20:45:25: 	Server started and running on 8005
info: May-12-2022 20:45:58: 	Server started and running on 8005
info: May-12-2022 20:47:30: 	Server started and running on 8005
info: May-12-2022 20:47:43: 	Server started and running on 8005
info: May-12-2022 20:47:45: 	Server started and running on 8005
info: May-12-2022 20:47:50: 	Server started and running on 8005
info: May-12-2022 20:47:52: 	Server started and running on 8005
info: May-12-2022 20:47:54: 	Server started and running on 8005
info: May-12-2022 20:48:03: 	Server started and running on 8005
info: May-12-2022 20:48:05: 	Server started and running on 8005
info: May-12-2022 20:48:07: 	Server started and running on 8005
info: May-12-2022 20:48:26: 	Server started and running on 8005
error: May-12-2022 20:48:40: 	500 - Internal Server Error - Assignment to constant variable. - /customer/register - POST - ::1
info: May-12-2022 20:49:19: 	Server started and running on 8005
info: May-12-2022 20:49:20: 	Server started and running on 8005
info: May-12-2022 20:49:46: 	Server started and running on 8005
info: May-12-2022 20:49:49: 	Server started and running on 8005
info: May-12-2022 20:49:50: 	Server started and running on 8005
error: May-12-2022 20:50:17: 	500 - Internal Server Error - Image is not defined - /customer/register - POST - ::1
info: May-12-2022 20:52:32: 	Server started and running on 8005
info: May-12-2022 20:56:30: 	Server started and running on 8005
info: May-12-2022 20:56:33: 	Server started and running on 8005
info: May-12-2022 20:56:38: 	Server started and running on 8005
info: May-12-2022 20:56:38: 	Server started and running on 8005
info: May-12-2022 20:56:44: 	Server started and running on 8005
info: May-12-2022 20:56:48: 	Server started and running on 8005
info: May-12-2022 20:57:01: 	Server started and running on 8005
info: May-12-2022 20:57:14: 	Server started and running on 8005
info: May-12-2022 20:57:24: 	Server started and running on 8005
info: May-12-2022 20:57:26: 	Server started and running on 8005
error: May-12-2022 20:57:33: 	500 - Internal Server Error - image is not defined - /customer/register - POST - ::1
info: May-12-2022 20:58:11: 	Server started and running on 8005
info: May-12-2022 20:58:13: 	Server started and running on 8005
info: May-12-2022 20:58:17: 	Server started and running on 8005
info: May-12-2022 20:58:19: 	Server started and running on 8005
info: May-12-2022 20:58:21: 	Server started and running on 8005
info: May-12-2022 20:58:26: 	Server started and running on 8005
info: May-12-2022 20:58:33: 	Server started and running on 8005
info: May-12-2022 20:58:35: 	Server started and running on 8005
info: May-12-2022 20:58:37: 	Server started and running on 8005
info: May-12-2022 20:58:38: 	Server started and running on 8005
info: May-12-2022 20:58:38: 	Server started and running on 8005
info: May-12-2022 20:58:43: 	Server started and running on 8005
info: May-12-2022 20:58:46: 	Server started and running on 8005
info: May-12-2022 20:58:48: 	Server started and running on 8005
info: May-12-2022 20:58:51: 	Server started and running on 8005
error: May-12-2022 20:59:08: 	500 - Internal Server Error - Cannot destructure property 'image' of 'req.file' as it is undefined. - /customer/register - POST - ::1
error: May-12-2022 20:59:24: 	500 - Internal Server Error - Cannot destructure property 'image' of 'req.file' as it is undefined. - /customer/register - POST - ::1
info: May-12-2022 20:59:54: 	Server started and running on 8005
error: May-12-2022 20:59:58: 	500 - Internal Server Error - Cannot access 'user' before initialization - /customer/register - POST - ::1
info: May-12-2022 21:00:08: 	Server started and running on 8005
info: May-12-2022 21:00:13: 	Server started and running on 8005
info: May-12-2022 21:00:14: 	Server started and running on 8005
info: May-12-2022 21:00:18: 	Server started and running on 8005
error: May-12-2022 21:01:33: 	500 - Internal Server Error - Customers validation failed: image: Cast to string failed for value "{
  fieldname: 'image',
  originalname: 'FB_IMG_1582786094774.jpg',
  encoding: '7bit',
  mimetype: 'image/jpeg',
  destination: 'public/images/',
  filename: '1652364093534-fb_img_1582786094774.jpg.jpeg',
  path: 'public\\images\\1652364093534-fb_img_1582786094774.jpg.jpeg',
  size: 79642
}" (type Object) at path "image" - /customer/register - POST - ::1
info: May-12-2022 21:05:26: 	Server started and running on 8005
info: May-12-2022 21:05:27: 	Server started and running on 8005
info: May-12-2022 21:05:33: 	Server started and running on 8005
error: May-12-2022 21:06:35: 	500 - Internal Server Error - Customers validation failed: image: Cast to string failed for value "{
  fieldname: 'image',
  originalname: 'avatar.png',
  encoding: '7bit',
  mimetype: 'image/png',
  destination: 'public/images/',
  filename: '1652364394978-avatar.png.png',
  path: 'public\\images\\1652364394978-avatar.png.png',
  size: 30417
}" (type Object) at path "image" - /customer/register - POST - ::1
info: May-12-2022 21:07:01: 	Server started and running on 8005
info: May-12-2022 21:07:17: 	Server started and running on 8005
info: May-12-2022 21:07:19: 	Server started and running on 8005
info: May-12-2022 21:07:20: 	Server started and running on 8005
info: May-12-2022 21:07:25: 	Server started and running on 8005
info: May-12-2022 21:07:42: 	Server started and running on 8005
info: May-12-2022 21:07:45: 	Server started and running on 8005
error: May-12-2022 21:07:55: 	500 - Internal Server Error - Assignment to constant variable. - /customer/register - POST - ::1
info: May-12-2022 21:08:13: 	Server started and running on 8005
info: May-12-2022 21:08:16: 	Server started and running on 8005
info: May-12-2022 21:08:17: 	Server started and running on 8005
error: May-12-2022 21:08:52: 	500 - Internal Server Error - Cannot read properties of undefined (reading 'filename') - /customer/register - POST - ::1
info: May-12-2022 21:09:16: 	Server started and running on 8005
error: May-12-2022 21:09:22: 	500 - Internal Server Error - Cannot read properties of undefined (reading 'filename') - /customer/register - POST - ::1
info: May-12-2022 21:12:02: 	Server started and running on 8005
info: May-12-2022 21:12:17: 	Server started and running on 8005
info: May-12-2022 21:19:40: 	Server started and running on 8005
info: May-12-2022 21:19:42: 	Server started and running on 8005
info: May-12-2022 21:19:44: 	Server started and running on 8005
info: May-12-2022 21:19:47: 	Server started and running on 8005
info: May-12-2022 21:19:48: 	Server started and running on 8005
info: May-12-2022 21:19:50: 	Server started and running on 8005
info: May-12-2022 21:19:54: 	Server started and running on 8005
info: May-12-2022 21:19:56: 	Server started and running on 8005
info: May-12-2022 21:19:57: 	Server started and running on 8005
info: May-12-2022 21:19:59: 	Server started and running on 8005
info: May-12-2022 21:20:01: 	Server started and running on 8005
info: May-12-2022 21:20:03: 	Server started and running on 8005
info: May-12-2022 21:39:04: 	Server started and running on 8005
info: May-12-2022 21:39:49: 	Server started and running on 8005
info: May-12-2022 21:50:04: 	Server started and running on 8005
info: May-12-2022 21:55:13: 	Server started and running on 8005
info: May-12-2022 21:55:14: 	Server started and running on 8005
info: May-12-2022 21:55:22: 	Server started and running on 8005
info: May-12-2022 21:55:30: 	Server started and running on 8005
info: May-12-2022 21:55:55: 	Server started and running on 8005
info: May-12-2022 21:56:08: 	Server started and running on 8005
error: May-12-2022 21:59:11: 	500 - Internal Server Error - Illegal arguments: undefined, number - /customer/register - POST - ::1
info: May-12-2022 21:59:36: 	Server started and running on 8005
error: May-12-2022 21:59:46: 	500 - Internal Server Error - Illegal arguments: undefined, number - /customer/register - POST - ::1
info: May-19-2022 10:58:46: 	Server started and running on 8002
info: May-19-2022 11:02:47: 	Server started and running on 8002
info: May-19-2022 11:08:30: 	Server started and running on 8002
info: May-19-2022 11:08:32: 	Server started and running on 8002
info: May-19-2022 11:09:41: 	Server started and running on 8002
info: May-19-2022 11:10:10: 	Server started and running on 8002
info: May-19-2022 11:10:16: 	Server started and running on 8002
info: May-19-2022 11:10:54: 	Server started and running on 8002
info: May-19-2022 11:12:05: 	Server started and running on 8002
info: May-19-2022 11:12:46: 	Server started and running on 8002
info: May-19-2022 11:12:50: 	Server started and running on 8002
info: May-19-2022 11:12:53: 	Server started and running on 8002
info: May-19-2022 11:13:09: 	Server started and running on 8002
info: May-19-2022 11:13:11: 	Server started and running on 8002
info: May-19-2022 11:13:16: 	Server started and running on 8002
info: May-19-2022 11:13:18: 	Server started and running on 8002
info: May-19-2022 11:13:42: 	Server started and running on 8002
info: May-19-2022 11:14:03: 	Server started and running on 8002
info: May-19-2022 11:14:13: 	Server started and running on 8002
info: May-19-2022 11:14:28: 	Server started and running on 8002
info: May-19-2022 11:14:35: 	Server started and running on 8002
info: May-19-2022 11:14:37: 	Server started and running on 8002
info: May-19-2022 11:14:46: 	Server started and running on 8002
info: May-19-2022 11:15:23: 	Server started and running on 8002
info: May-19-2022 11:15:25: 	Server started and running on 8002
info: May-19-2022 11:15:28: 	Server started and running on 8002
info: May-19-2022 11:15:45: 	Server started and running on 8002
info: May-19-2022 11:15:51: 	Server started and running on 8002
info: May-19-2022 11:16:04: 	Server started and running on 8002
info: May-19-2022 11:16:05: 	Server started and running on 8002
info: May-19-2022 11:16:06: 	Server started and running on 8002
info: May-19-2022 11:16:09: 	Server started and running on 8002
info: May-19-2022 11:16:10: 	Server started and running on 8002
info: May-19-2022 11:16:31: 	Server started and running on 8002
info: May-19-2022 11:16:33: 	Server started and running on 8002
info: May-19-2022 11:16:35: 	Server started and running on 8002
info: May-19-2022 11:17:51: 	Server started and running on 8002
info: May-19-2022 11:17:53: 	Server started and running on 8002
info: May-19-2022 11:17:58: 	Server started and running on 8002
info: May-19-2022 11:18:02: 	Server started and running on 8002
info: May-19-2022 11:18:05: 	Server started and running on 8002
info: May-19-2022 11:18:52: 	Server started and running on 8002
info: May-19-2022 11:19:00: 	Server started and running on 8002
info: May-19-2022 11:19:02: 	Server started and running on 8002
info: May-19-2022 11:19:07: 	Server started and running on 8002
info: May-19-2022 11:19:10: 	Server started and running on 8002
info: May-19-2022 11:19:14: 	Server started and running on 8002
info: May-19-2022 11:20:16: 	Server started and running on 8002
info: May-19-2022 11:20:17: 	Server started and running on 8002
info: May-19-2022 11:20:26: 	Server started and running on 8002
info: May-19-2022 11:21:01: 	Server started and running on 8002
info: May-19-2022 11:21:16: 	Server started and running on 8002
info: May-19-2022 11:21:20: 	Server started and running on 8002
info: May-19-2022 11:21:22: 	Server started and running on 8002
info: May-19-2022 11:21:24: 	Server started and running on 8002
info: May-19-2022 11:21:31: 	Server started and running on 8002
info: May-19-2022 11:21:36: 	Server started and running on 8002
info: May-19-2022 11:21:41: 	Server started and running on 8002
info: May-19-2022 11:21:44: 	Server started and running on 8002
info: May-19-2022 11:21:53: 	Server started and running on 8002
info: May-19-2022 11:22:07: 	Server started and running on 8002
info: May-19-2022 11:22:08: 	Server started and running on 8002
info: May-19-2022 11:22:09: 	Server started and running on 8002
info: May-19-2022 11:22:18: 	Server started and running on 8002
info: May-19-2022 11:22:24: 	Server started and running on 8002
info: May-19-2022 11:22:27: 	Server started and running on 8002
info: May-19-2022 11:22:31: 	Server started and running on 8002
info: May-19-2022 11:22:32: 	Server started and running on 8002
info: May-19-2022 11:22:48: 	Server started and running on 8002
info: May-19-2022 11:22:49: 	Server started and running on 8002
info: May-19-2022 11:22:50: 	Server started and running on 8002
info: May-19-2022 11:22:57: 	Server started and running on 8002
info: May-19-2022 11:23:03: 	Server started and running on 8002
error: May-19-2022 11:23:51: 	500 - Internal Server Error - Cast to ObjectId failed for value "units" (type string) at path "_id" for model "Products" - /product/units - GET - ::1
error: May-19-2022 11:24:43: 	500 - Internal Server Error - Cast to ObjectId failed for value "types" (type string) at path "_id" for model "Products" - /product/types - GET - ::1
info: May-19-2022 11:25:44: 	Server started and running on 8002
error: May-19-2022 11:25:56: 	500 - Internal Server Error - Cast to ObjectId failed for value "type" (type string) at path "_id" for model "Products" - /product/type - GET - ::1
error: May-19-2022 11:26:05: 	500 - Internal Server Error - Cast to ObjectId failed for value "units" (type string) at path "_id" for model "Products" - /product/units - GET - ::1
error: May-19-2022 11:27:04: 	500 - Internal Server Error - Cast to ObjectId failed for value "categories" (type string) at path "_id" for model "Products" - /product/categories - GET - ::1
info: May-19-2022 11:27:55: 	Server started and running on 8002
info: May-19-2022 11:27:59: 	Server started and running on 8002
info: May-19-2022 11:29:02: 	Server started and running on 8002
info: May-19-2022 11:29:18: 	Server started and running on 8002
info: May-19-2022 11:29:20: 	Server started and running on 8002
info: May-19-2022 11:29:40: 	Server started and running on 8002
error: May-19-2022 11:30:05: 	500 - Internal Server Error - Cast to ObjectId failed for value "types" (type string) at path "_id" for model "Products" - /product/types - GET - ::1
info: May-19-2022 11:31:43: 	Server started and running on 8002
error: May-19-2022 11:31:46: 	500 - Internal Server Error - Cast to ObjectId failed for value "types" (type string) at path "_id" for model "Products" - /product/types - GET - ::1
error: May-19-2022 11:32:33: 	500 - Internal Server Error - Cast to ObjectId failed for value "types" (type string) at path "_id" for model "Products" - /product/types - GET - ::1
error: May-19-2022 11:33:54: 	500 - Internal Server Error - Cast to ObjectId failed for value "types" (type string) at path "_id" for model "Products" - /product/types - GET - ::1
info: May-19-2022 11:34:51: 	Server started and running on 8002
error: May-19-2022 11:34:55: 	500 - Internal Server Error - Cast to ObjectId failed for value "types" (type string) at path "_id" for model "Products" - /product/types - GET - ::1
error: May-19-2022 11:35:05: 	500 - Internal Server Error - Cast to ObjectId failed for value "units" (type string) at path "_id" for model "Products" - /product/units - GET - ::1
info: May-19-2022 11:35:36: 	Server started and running on 8002
info: May-19-2022 11:35:55: 	Server started and running on 8002
error: May-19-2022 11:35:57: 	500 - Internal Server Error - Cast to ObjectId failed for value "units" (type string) at path "_id" for model "Products" - /product/units - GET - ::1
error: May-19-2022 11:36:41: 	500 - Internal Server Error - Cast to ObjectId failed for value "units" (type string) at path "_id" for model "Products" - /product/units - GET - ::1
info: May-19-2022 11:37:33: 	Server started and running on 8002
info: May-19-2022 11:37:48: 	Server started and running on 8002
info: May-19-2022 11:37:49: 	Server started and running on 8002
info: May-19-2022 11:37:52: 	Server started and running on 8002
info: May-19-2022 11:37:53: 	Server started and running on 8002
error: May-19-2022 11:38:24: 	500 - Internal Server Error - Cast to ObjectId failed for value "categories" (type string) at path "_id" for model "Products" - /product/categories - GET - ::1
info: May-19-2022 11:38:56: 	Server started and running on 8002
info: May-19-2022 11:39:01: 	Server started and running on 8002
info: May-19-2022 11:39:06: 	Server started and running on 8002
info: May-19-2022 11:39:07: 	Server started and running on 8002
info: May-19-2022 11:39:30: 	Server started and running on 8002
info: May-19-2022 11:39:35: 	Server started and running on 8002
info: May-19-2022 11:39:38: 	Server started and running on 8002
info: May-19-2022 11:39:55: 	Server started and running on 8002
info: May-19-2022 11:40:04: 	Server started and running on 8002
info: May-19-2022 11:40:06: 	Server started and running on 8002
info: May-19-2022 11:40:07: 	Server started and running on 8002
info: May-19-2022 11:40:15: 	Server started and running on 8002
info: May-19-2022 11:40:16: 	Server started and running on 8002
info: May-19-2022 11:40:17: 	Server started and running on 8002
info: May-19-2022 11:40:20: 	Server started and running on 8002
info: May-19-2022 11:40:22: 	Server started and running on 8002
info: May-19-2022 11:40:24: 	Server started and running on 8002
info: May-19-2022 11:41:47: 	Server started and running on 8002
info: May-19-2022 11:41:49: 	Server started and running on 8002
info: May-19-2022 11:41:53: 	Server started and running on 8002
info: May-19-2022 11:41:55: 	Server started and running on 8002
info: May-19-2022 11:41:58: 	Server started and running on 8002
info: May-19-2022 11:42:00: 	Server started and running on 8002
info: May-19-2022 11:42:05: 	Server started and running on 8002
info: May-19-2022 11:42:06: 	Server started and running on 8002
info: May-19-2022 11:42:07: 	Server started and running on 8002
info: May-19-2022 11:42:10: 	Server started and running on 8002
info: May-19-2022 11:42:15: 	Server started and running on 8002
info: May-19-2022 11:42:24: 	Server started and running on 8002
info: May-19-2022 11:42:28: 	Server started and running on 8002
info: May-19-2022 11:42:35: 	Server started and running on 8002
info: May-19-2022 11:42:38: 	Server started and running on 8002
info: May-19-2022 11:42:41: 	Server started and running on 8002
info: May-19-2022 11:42:43: 	Server started and running on 8002
error: May-19-2022 11:44:37: 	404 || Not Found - /favicon.ico - GET - ::1
info: May-19-2022 11:46:13: 	Server started and running on 8002
info: May-19-2022 11:48:38: 	Server started and running on 8002
info: May-19-2022 11:48:42: 	Server started and running on 8002
info: May-19-2022 11:48:44: 	Server started and running on 8002
info: May-19-2022 11:48:47: 	Server started and running on 8002
info: May-19-2022 11:49:01: 	Server started and running on 8002
info: May-19-2022 11:49:03: 	Server started and running on 8002
info: May-19-2022 11:49:05: 	Server started and running on 8002
info: May-19-2022 11:49:19: 	Server started and running on 8002
info: May-19-2022 11:49:21: 	Server started and running on 8002
info: May-19-2022 11:49:23: 	Server started and running on 8002
info: May-19-2022 11:49:24: 	Server started and running on 8002
info: May-19-2022 11:49:29: 	Server started and running on 8002
info: May-19-2022 11:49:30: 	Server started and running on 8002
info: May-19-2022 11:49:37: 	Server started and running on 8002
info: May-19-2022 11:49:42: 	Server started and running on 8002
info: May-19-2022 11:49:43: 	Server started and running on 8002
info: May-19-2022 11:49:48: 	Server started and running on 8002
info: May-19-2022 11:49:50: 	Server started and running on 8002
info: May-19-2022 11:49:58: 	Server started and running on 8002
info: May-19-2022 11:50:04: 	Server started and running on 8002
info: May-19-2022 11:50:07: 	Server started and running on 8002
error: May-19-2022 11:50:19: 	404 || Not Found - /api/type - GET - ::1
error: May-19-2022 11:50:28: 	404 || Not Found - /api/types - GET - ::1
info: May-19-2022 11:51:05: 	Server started and running on 8002
info: May-19-2022 11:51:09: 	Server started and running on 8002
info: May-19-2022 11:51:12: 	Server started and running on 8002
info: May-19-2022 11:51:13: 	Server started and running on 8002
info: May-19-2022 11:51:14: 	Server started and running on 8002
info: May-19-2022 11:51:26: 	Server started and running on 8002
info: May-19-2022 11:51:28: 	Server started and running on 8002
info: May-19-2022 11:51:29: 	Server started and running on 8002
info: May-19-2022 11:51:33: 	Server started and running on 8002
info: May-19-2022 11:51:40: 	Server started and running on 8002
info: May-19-2022 11:51:41: 	Server started and running on 8002
info: May-19-2022 11:51:44: 	Server started and running on 8002
info: May-19-2022 11:51:56: 	Server started and running on 8002
info: May-19-2022 11:51:56: 	Server started and running on 8002
info: May-19-2022 11:52:01: 	Server started and running on 8002
info: May-19-2022 11:52:03: 	Server started and running on 8002
info: May-19-2022 11:52:19: 	Server started and running on 8002
info: May-19-2022 11:53:07: 	Server started and running on 8002
info: May-19-2022 11:53:09: 	Server started and running on 8002
info: May-19-2022 11:53:16: 	Server started and running on 8002
info: May-19-2022 11:53:25: 	Server started and running on 8002
error: May-19-2022 11:53:42: 	404 || Not Found - /api/units - GET - ::1
error: May-19-2022 11:54:11: 	404 || Not Found - /api/types - GET - ::1
error: May-19-2022 11:54:18: 	404 || Not Found - /api/types - GET - ::1
error: May-19-2022 11:55:08: 	404 || Not Found - /customer/ - GET - ::1
info: May-19-2022 12:00:01: 	Server started and running on 8002
info: May-19-2022 12:17:55: 	Server started and running on 8002
info: May-19-2022 12:18:53: 	Server started and running on 8002
info: May-19-2022 12:21:17: 	Server started and running on 8002
info: May-19-2022 12:21:21: 	Server started and running on 8002
info: May-19-2022 12:21:27: 	Server started and running on 8002
info: May-19-2022 12:21:28: 	Server started and running on 8002
info: May-19-2022 12:21:29: 	Server started and running on 8002
info: May-19-2022 12:24:59: 	Server started and running on 8002
info: May-19-2022 12:25:01: 	Server started and running on 8002
info: May-19-2022 12:26:52: 	Server started and running on 8002
info: May-19-2022 12:26:53: 	Server started and running on 8002
info: May-19-2022 12:27:13: 	Server started and running on 8002
info: May-19-2022 12:27:19: 	Server started and running on 8002
info: May-19-2022 12:27:36: 	Server started and running on 8002
info: May-19-2022 12:27:41: 	Server started and running on 8002
error: May-19-2022 12:29:52: 	404 || Not Found - /customer/proflie/kin@gmail.com - GET - ::1
info: May-19-2022 12:31:19: 	Server started and running on 8002
info: May-19-2022 12:31:20: 	Server started and running on 8002
info: May-19-2022 12:31:25: 	Server started and running on 8002
info: May-19-2022 12:31:27: 	Server started and running on 8002
error: May-19-2022 12:31:29: 	404 || Not Found - /customer/proflie/kin@gmail.com - GET - ::1
info: May-19-2022 12:31:40: 	Server started and running on 8002
info: May-19-2022 12:31:48: 	Server started and running on 8002
info: May-19-2022 12:31:49: 	Server started and running on 8002
info: May-19-2022 12:31:52: 	Server started and running on 8002
info: May-19-2022 12:32:06: 	Server started and running on 8002
info: May-19-2022 12:32:18: 	Server started and running on 8002
info: May-19-2022 12:32:19: 	Server started and running on 8002
info: May-19-2022 12:32:21: 	Server started and running on 8002
info: May-19-2022 12:32:29: 	Server started and running on 8002
info: May-19-2022 12:32:35: 	Server started and running on 8002
info: May-19-2022 12:32:37: 	Server started and running on 8002
info: May-19-2022 12:32:38: 	Server started and running on 8002
error: May-19-2022 12:32:42: 	404 || Not Found - /customer/proflie/kin@gmail.com - GET - ::1
info: May-19-2022 12:32:58: 	Server started and running on 8002
info: May-19-2022 12:33:02: 	Server started and running on 8002
info: May-19-2022 12:33:08: 	Server started and running on 8002
info: May-19-2022 12:33:10: 	Server started and running on 8002
error: May-19-2022 12:33:18: 	404 || Not Found - /customer/proflie/2 - GET - ::1
info: May-19-2022 12:33:30: 	Server started and running on 8002
error: May-19-2022 12:33:37: 	404 || Not Found - /customer/proflie/2 - GET - ::1
error: May-19-2022 12:33:43: 	404 || Not Found - /customer/proflie/2 - GET - ::1
info: May-19-2022 12:34:07: 	Server started and running on 8002
info: May-19-2022 12:34:08: 	Server started and running on 8002
info: May-19-2022 12:34:12: 	Server started and running on 8002
info: May-19-2022 12:34:13: 	Server started and running on 8002
info: May-19-2022 12:34:20: 	Server started and running on 8002
info: May-19-2022 12:34:21: 	Server started and running on 8002
info: May-19-2022 12:34:23: 	Server started and running on 8002
info: May-19-2022 12:34:26: 	Server started and running on 8002
info: May-19-2022 12:34:28: 	Server started and running on 8002
error: May-19-2022 12:34:30: 	404 || Not Found - /customer/proflie/2 - GET - ::1
error: May-19-2022 12:34:31: 	404 || Not Found - /customer/proflie/2 - GET - ::1
error: May-19-2022 12:34:31: 	404 || Not Found - /customer/proflie/2 - GET - ::1
error: May-19-2022 12:34:31: 	404 || Not Found - /customer/proflie/2 - GET - ::1
error: May-19-2022 12:34:31: 	404 || Not Found - /customer/proflie/2 - GET - ::1
error: May-19-2022 12:34:32: 	404 || Not Found - /customer/proflie/2 - GET - ::1
error: May-19-2022 12:34:32: 	404 || Not Found - /customer/proflie/2 - GET - ::1
error: May-19-2022 12:34:32: 	404 || Not Found - /customer/proflie/2 - GET - ::1
info: May-19-2022 12:35:13: 	Server started and running on 8002
info: May-19-2022 12:35:15: 	Server started and running on 8002
info: May-19-2022 12:35:16: 	Server started and running on 8002
error: May-19-2022 12:35:46: 	404 || Not Found - /customer/proflie/3 - GET - ::1
info: May-19-2022 12:35:57: 	Server started and running on 8002
error: May-19-2022 12:36:01: 	404 || Not Found - /customer/proflie/3 - GET - ::1
error: May-19-2022 12:36:02: 	404 || Not Found - /customer/proflie/3 - GET - ::1
error: May-19-2022 12:36:02: 	404 || Not Found - /customer/proflie/3 - GET - ::1
error: May-19-2022 12:36:02: 	404 || Not Found - /customer/proflie/3 - GET - ::1
error: May-19-2022 12:36:02: 	404 || Not Found - /customer/proflie/3 - GET - ::1
info: May-19-2022 12:36:15: 	Server started and running on 8002
error: May-19-2022 12:36:21: 	404 || Not Found - /customer/proflie/6285ced6d3c3c94f04ba71f9 - GET - ::1
error: May-19-2022 12:37:38: 	404 || Not Found - /customer/proflie/6285ced6d3c3c94f04ba71f9 - GET - ::1
error: May-19-2022 12:37:47: 	404 || Not Found - /customer/6285ced6d3c3c94f04ba71f9 - GET - ::1
info: May-19-2022 12:38:15: 	Server started and running on 8002
info: May-19-2022 12:38:20: 	Server started and running on 8002
info: May-19-2022 12:38:21: 	Server started and running on 8002
info: May-19-2022 12:40:40: 	Server started and running on 8002
info: May-19-2022 12:40:43: 	Server started and running on 8002
info: May-19-2022 12:40:51: 	Server started and running on 8002
info: May-19-2022 12:40:54: 	Server started and running on 8002
info: May-19-2022 12:41:02: 	Server started and running on 8002
info: May-19-2022 12:41:06: 	Server started and running on 8002
info: May-19-2022 12:41:08: 	Server started and running on 8002
info: May-19-2022 12:41:15: 	Server started and running on 8002
error: May-19-2022 12:41:21: 	404 || Not Found - /customer/6285ced6d3c3c94f04ba71f9 - GET - ::1
info: May-19-2022 12:41:46: 	Server started and running on 8002
info: May-19-2022 12:41:47: 	Server started and running on 8002
info: May-19-2022 12:42:20: 	Server started and running on 8002
info: May-19-2022 12:42:50: 	Server started and running on 8002
info: May-19-2022 12:42:53: 	Server started and running on 8002
info: May-19-2022 12:42:56: 	Server started and running on 8002
info: May-19-2022 12:42:58: 	Server started and running on 8002
info: May-19-2022 12:43:07: 	Server started and running on 8002
info: May-19-2022 12:43:26: 	Server started and running on 8002
info: May-19-2022 12:43:45: 	Server started and running on 8002
info: May-19-2022 12:43:46: 	Server started and running on 8002
info: May-19-2022 12:43:49: 	Server started and running on 8002
info: May-19-2022 12:43:50: 	Server started and running on 8002
info: May-19-2022 12:43:53: 	Server started and running on 8002
info: May-19-2022 12:43:54: 	Server started and running on 8002
info: May-19-2022 12:43:56: 	Server started and running on 8002
info: May-19-2022 12:43:58: 	Server started and running on 8002
info: May-19-2022 12:44:05: 	Server started and running on 8002
info: May-19-2022 12:44:10: 	Server started and running on 8002
info: May-19-2022 12:44:27: 	Server started and running on 8002
info: May-19-2022 12:44:30: 	Server started and running on 8002
info: May-19-2022 12:46:03: 	Server started and running on 8002
